<?xml version="1.0" encoding="UTF-8" ?>
<testsuite tests="4" failures="0" name="com.increff.project.dto.BrandDtoTest" time="0.305" errors="0" skipped="0">
  <properties>
[...]
</properties>
  <testcase classname="com.increff.project.dto.BrandDtoTest" name="testAdd" time="0.091"/>
  <testcase classname="com.increff.project.dto.BrandDtoTest" name="testGet" time="0.093"/>
  <testcase classname="com.increff.project.dto.BrandDtoTest" name="testSearch" time="0.061"/>
  <testcase classname="com.increff.project.dto.BrandDtoTest" name="testUpdate" time="0.06"/>
</testsuite>